2025-04-26 15:39:40 - ‚ú® INFO - [pipeline.py:69] - üöÄ Initializing Classification Pipeline...
2025-04-26 15:39:40 - ‚ú® INFO - [pipeline.py:70] - Dataset: mini-GCD
2025-04-26 15:39:40 - ‚ú® INFO - [pipeline.py:71] - Model: dummycnn
2025-04-26 15:39:40 - ‚ú® INFO - [pipeline.py:72] - Output Dir: results_pipeline
2025-04-26 15:39:40 - ‚ú® INFO - [pipeline.py:73] - Seed: 42
2025-04-26 15:39:40 - ‚ú® INFO - [datasets.py:137] - FIXED: Loaded 75 train images and 75 test images.
2025-04-26 15:39:40 - ‚ú® INFO - [datasets.py:83] - üìÅ Dataset 'mini-GCD' loaded. Structure: FIXED. Classes: 3
2025-04-26 15:39:40 - ‚ú® INFO - [pipeline.py:86] - üíª Device: CUDA
2025-04-26 15:39:40 - ‚ú® INFO - [pipeline.py:154] - ‚ú® Initializing NEW model: dummycnn...
2025-04-26 15:39:40 - ‚ú® INFO - [adapters.py:140] - ü§ñ Initializing SkorchImageClassifier with device: cuda
2025-04-26 15:39:40 - ‚ú® INFO - [adapters.py:141] - Callbacks: ['early_stopping']
2025-04-26 15:39:40 - ‚ú® INFO - [pipeline.py:160] - ‚úÖ New model adapter created.
2025-04-26 15:39:40 - ‚ú® INFO - [pipeline.py:185] - ‚ûï Added method to pipeline: single_train with config: {'val_size': 0.25, 'save_results': True, 'name': 'single_train', 'dataset_name': 'mini-GCD', 'model_name': 'dummycnn'}
2025-04-26 15:39:40 - ‚ú® INFO - [pipeline.py:185] - ‚ûï Added method to pipeline: single_eval with config: {'save_results': True, 'name': 'single_eval', 'dataset_name': 'mini-GCD', 'model_name': 'dummycnn'}
2025-04-26 15:39:40 - ‚ú® INFO - [pipeline.py:189] - üèÅ Starting pipeline execution with 2 steps...
2025-04-26 15:39:40 - ‚ú® INFO - [pipeline.py:199] - 
--- Running Step 1/2: single_train ---
2025-04-26 15:39:40 - ‚ú® INFO - [methods.py:448] - üöÄ Starting Single Train process...
2025-04-26 15:39:40 - ‚ú® INFO - [datasets.py:218] - Split data: 56 train, 19 validation samples.
2025-04-26 15:39:40 - ‚ú® INFO - [methods.py:473] - üí™ Starting training on 56 samples, validating on 19 samples...
2025-04-26 15:39:40 - ‚ú® INFO - [adapters.py:244] - Fitting with provided validation data (packaged as SkorchDataset).
2025-04-26 15:39:40 - ‚ùå ERROR - [adapters.py:38] - ‚ùå Error loading/transforming image ('mini-GCD\\train\\class_0\\img_13.png', 0) in collate_fn: 'tuple' object has no attribute 'read'
2025-04-26 15:39:40 - ‚ùå ERROR - [adapters.py:38] - ‚ùå Error loading/transforming image ('mini-GCD\\train\\class_2\\img_17.png', 2) in collate_fn: 'tuple' object has no attribute 'read'
2025-04-26 15:39:40 - ‚ùå ERROR - [methods.py:514] - ‚ùå Single Train failed: DummyCNN.forward() got an unexpected keyword argument 'validation_data'
Traceback (most recent call last):
  File "C:\Users\Stefan\Documents\Github\UBB-Y3-AI-Research\model_src\pipeline\methods.py", line 485, in run_single_train
    model_adapter.fit(X_train.tolist(), y_train.tolist(), **fit_params)
  File "C:\Users\Stefan\Documents\Github\UBB-Y3-AI-Research\model_src\pipeline\adapters.py", line 255, in fit
    super().fit(X=dataset, y=y_for_check, **fit_params)
  File "C:\Users\Stefan\.venv\Lib\site-packages\skorch\classifier.py", line 165, in fit
    return super(NeuralNetClassifier, self).fit(X, y, **fit_params)
           ^^^^^^^^^^^^^^^^^^^^^^^^^^^^^^^^^^^^^^^^^^^^^^^^^^^^^^^^
  File "C:\Users\Stefan\.venv\Lib\site-packages\skorch\net.py", line 1349, in fit
    self.partial_fit(X, y, **fit_params)
  File "C:\Users\Stefan\.venv\Lib\site-packages\skorch\net.py", line 1308, in partial_fit
    self.fit_loop(X, y, **fit_params)
  File "C:\Users\Stefan\.venv\Lib\site-packages\skorch\net.py", line 1220, in fit_loop
    self.run_single_epoch(iterator_train, training=True, prefix="train",
  File "C:\Users\Stefan\.venv\Lib\site-packages\skorch\net.py", line 1256, in run_single_epoch
    step = step_fn(batch, **fit_params)
           ^^^^^^^^^^^^^^^^^^^^^^^^^^^^
  File "C:\Users\Stefan\.venv\Lib\site-packages\skorch\net.py", line 1135, in train_step
    self._step_optimizer(step_fn)
  File "C:\Users\Stefan\.venv\Lib\site-packages\skorch\net.py", line 1090, in _step_optimizer
    optimizer.step(step_fn)
  File "C:\Users\Stefan\.venv\Lib\site-packages\torch\optim\optimizer.py", line 487, in wrapper
    out = func(*args, **kwargs)
          ^^^^^^^^^^^^^^^^^^^^^
  File "C:\Users\Stefan\.venv\Lib\site-packages\torch\optim\optimizer.py", line 91, in _use_grad
    ret = func(self, *args, **kwargs)
          ^^^^^^^^^^^^^^^^^^^^^^^^^^^
  File "C:\Users\Stefan\.venv\Lib\site-packages\torch\optim\adamw.py", line 197, in step
    loss = closure()
           ^^^^^^^^^
  File "C:\Users\Stefan\.venv\Lib\site-packages\skorch\net.py", line 1124, in step_fn
    step = self.train_step_single(batch, **fit_params)
           ^^^^^^^^^^^^^^^^^^^^^^^^^^^^^^^^^^^^^^^^^^^
  File "C:\Users\Stefan\.venv\Lib\site-packages\skorch\net.py", line 1023, in train_step_single
    y_pred = self.infer(Xi, **fit_params)
             ^^^^^^^^^^^^^^^^^^^^^^^^^^^^
  File "C:\Users\Stefan\.venv\Lib\site-packages\skorch\net.py", line 1551, in infer
    return self.module_(x, **fit_params)
           ^^^^^^^^^^^^^^^^^^^^^^^^^^^^^
  File "C:\Users\Stefan\.venv\Lib\site-packages\torch\nn\modules\module.py", line 1736, in _wrapped_call_impl
    return self._call_impl(*args, **kwargs)
           ^^^^^^^^^^^^^^^^^^^^^^^^^^^^^^^^
  File "C:\Users\Stefan\.venv\Lib\site-packages\torch\nn\modules\module.py", line 1747, in _call_impl
    return forward_call(*args, **kwargs)
           ^^^^^^^^^^^^^^^^^^^^^^^^^^^^^
TypeError: DummyCNN.forward() got an unexpected keyword argument 'validation_data'
2025-04-26 15:39:40 - ‚ú® INFO - [pipeline.py:199] - 
--- Running Step 2/2: single_eval ---
2025-04-26 15:39:40 - ‚ú® INFO - [methods.py:542] - üöÄ Starting Single Evaluation on Test Set...
2025-04-26 15:39:40 - ‚ú® INFO - [methods.py:565] - üß™ Evaluating model on 75 test samples...
2025-04-26 15:39:40 - ‚ùå ERROR - [methods.py:607] - ‚ùå Single Evaluation failed: Dataset does not have consistent lengths.
Traceback (most recent call last):
  File "C:\Users\Stefan\Documents\Github\UBB-Y3-AI-Research\model_src\pipeline\methods.py", line 569, in run_single_eval
    y_pred = model_adapter.predict(X_test.tolist()) # Pass list of paths
             ^^^^^^^^^^^^^^^^^^^^^^^^^^^^^^^^^^^^^^
  File "C:\Users\Stefan\.venv\Lib\site-packages\skorch\classifier.py", line 232, in predict
    return self.predict_proba(X).argmax(axis=1)
           ^^^^^^^^^^^^^^^^^^^^^
  File "C:\Users\Stefan\.venv\Lib\site-packages\skorch\classifier.py", line 200, in predict_proba
    return super().predict_proba(X)
           ^^^^^^^^^^^^^^^^^^^^^^^^
  File "C:\Users\Stefan\.venv\Lib\site-packages\skorch\net.py", line 1625, in predict_proba
    for yp in self.forward_iter(X, training=False):
  File "C:\Users\Stefan\.venv\Lib\site-packages\skorch\net.py", line 1468, in forward_iter
    dataset = self.get_dataset(X)
              ^^^^^^^^^^^^^^^^^^^
  File "C:\Users\Stefan\.venv\Lib\site-packages\skorch\net.py", line 1746, in get_dataset
    return dataset(X, y, **kwargs)
           ^^^^^^^^^^^^^^^^^^^^^^^
  File "C:\Users\Stefan\.venv\Lib\site-packages\skorch\dataset.py", line 159, in __init__
    len_X = get_len(X)
            ^^^^^^^^^^
  File "C:\Users\Stefan\.venv\Lib\site-packages\skorch\dataset.py", line 82, in get_len
    raise ValueError("Dataset does not have consistent lengths.")
ValueError: Dataset does not have consistent lengths.
2025-04-26 15:39:40 - ‚ú® INFO - [pipeline.py:284] - 
üèÅ Pipeline execution finished in 0.22 seconds.
2025-04-26 15:39:40 - ‚ú® INFO - [pipeline.py:288] - üíæ Saving final model state to: results_pipeline\mini-GCD\dummycnn\final_pipeline_model.pt
2025-04-26 15:39:40 - ‚ú® INFO - [pipeline.py:294] - ‚úÖ Final model saved successfully.
2025-04-26 15:39:40 - ‚ú® INFO - [main.py:148] - 
--- Pipeline Completed ---
